This is pdfTeX, Version 3.141592653-2.6-1.40.24 (MiKTeX 22.10) (preloaded format=pdflatex 2022.11.8)  23 JUN 2023 17:45
entering extended mode
 restricted \write18 enabled.
 file:line:error style messages enabled.
 %&-line parsing enabled.
**"c:/Users/matej/Documents/FMF mag/2.semester/Time Series Analysis/Research Project/report.tex"
(c:/Users/matej/Documents/FMF mag/2.semester/Time Series Analysis/Research Project/report.tex
LaTeX2e <2022-06-01> patch level 5
L3 programming layer <2022-09-28> (C:\Users\matej\AppData\Local\Programs\MiKTeX\tex/latex/base\article.cls
Document Class: article 2021/10/04 v1.4n Standard LaTeX document class
(C:\Users\matej\AppData\Local\Programs\MiKTeX\tex/latex/base\size10.clo
File: size10.clo 2021/10/04 v1.4n Standard LaTeX file (size option)
)
\c@part=\count185
\c@section=\count186
\c@subsection=\count187
\c@subsubsection=\count188
\c@paragraph=\count189
\c@subparagraph=\count190
\c@figure=\count191
\c@table=\count192
\abovecaptionskip=\skip47
\belowcaptionskip=\skip48
\bibindent=\dimen138
) (C:\Users\matej\AppData\Local\Programs\MiKTeX\tex/latex/graphics\graphicx.sty
Package: graphicx 2021/09/16 v1.2d Enhanced LaTeX Graphics (DPC,SPQR)
 (C:\Users\matej\AppData\Local\Programs\MiKTeX\tex/latex/graphics\keyval.sty
Package: keyval 2022/05/29 v1.15 key=value parser (DPC)
\KV@toks@=\toks16
) (C:\Users\matej\AppData\Local\Programs\MiKTeX\tex/latex/graphics\graphics.sty
Package: graphics 2022/03/10 v1.4e Standard LaTeX Graphics (DPC,SPQR)
 (C:\Users\matej\AppData\Local\Programs\MiKTeX\tex/latex/graphics\trig.sty
Package: trig 2021/08/11 v1.11 sin cos tan (DPC)
) (C:\Users\matej\AppData\Local\Programs\MiKTeX\tex/latex/graphics-cfg\graphics.cfg
File: graphics.cfg 2016/06/04 v1.11 sample graphics configuration
)
Package graphics Info: Driver file: pdftex.def on input line 107.
 (C:\Users\matej\AppData\Local\Programs\MiKTeX\tex/latex/graphics-def\pdftex.def
File: pdftex.def 2022/09/22 v1.2b Graphics/color driver for pdftex
\stockwidth=\dimen139
\stockheight=\dimen140
))
\Gin@req@height=\dimen141
\Gin@req@width=\dimen142
) (C:\Users\matej\AppData\Local\Programs\MiKTeX\tex/latex/tools\enumerate.sty
Package: enumerate 2015/07/23 v3.00 enumerate extensions (DPC)
\@enLab=\toks17
) (C:\Users\matej\AppData\Local\Programs\MiKTeX\tex/latex/amsmath\amsmath.sty
Package: amsmath 2022/04/08 v2.17n AMS math features
\@mathmargin=\skip49

For additional information on amsmath, use the `?' option.
(C:\Users\matej\AppData\Local\Programs\MiKTeX\tex/latex/amsmath\amstext.sty
Package: amstext 2021/08/26 v2.01 AMS text
 (C:\Users\matej\AppData\Local\Programs\MiKTeX\tex/latex/amsmath\amsgen.sty
File: amsgen.sty 1999/11/30 v2.0 generic functions
\@emptytoks=\toks18
\ex@=\dimen143
)) (C:\Users\matej\AppData\Local\Programs\MiKTeX\tex/latex/amsmath\amsbsy.sty
Package: amsbsy 1999/11/29 v1.2d Bold Symbols
\pmbraise@=\dimen144
) (C:\Users\matej\AppData\Local\Programs\MiKTeX\tex/latex/amsmath\amsopn.sty
Package: amsopn 2022/04/08 v2.04 operator names
)
\inf@bad=\count193
LaTeX Info: Redefining \frac on input line 234.
\uproot@=\count194
\leftroot@=\count195
LaTeX Info: Redefining \overline on input line 399.
LaTeX Info: Redefining \colon on input line 410.
\classnum@=\count196
\DOTSCASE@=\count197
LaTeX Info: Redefining \ldots on input line 496.
LaTeX Info: Redefining \dots on input line 499.
LaTeX Info: Redefining \cdots on input line 620.
\Mathstrutbox@=\box51
\strutbox@=\box52
LaTeX Info: Redefining \big on input line 722.
LaTeX Info: Redefining \Big on input line 723.
LaTeX Info: Redefining \bigg on input line 724.
LaTeX Info: Redefining \Bigg on input line 725.
\big@size=\dimen145
LaTeX Font Info:    Redeclaring font encoding OML on input line 743.
LaTeX Font Info:    Redeclaring font encoding OMS on input line 744.
\macc@depth=\count198
LaTeX Info: Redefining \bmod on input line 905.
LaTeX Info: Redefining \pmod on input line 910.
LaTeX Info: Redefining \smash on input line 940.
LaTeX Info: Redefining \relbar on input line 970.
LaTeX Info: Redefining \Relbar on input line 971.
\c@MaxMatrixCols=\count199
\dotsspace@=\muskip16
\c@parentequation=\count266
\dspbrk@lvl=\count267
\tag@help=\toks19
\row@=\count268
\column@=\count269
\maxfields@=\count270
\andhelp@=\toks20
\eqnshift@=\dimen146
\alignsep@=\dimen147
\tagshift@=\dimen148
\tagwidth@=\dimen149
\totwidth@=\dimen150
\lineht@=\dimen151
\@envbody=\toks21
\multlinegap=\skip50
\multlinetaggap=\skip51
\mathdisplay@stack=\toks22
LaTeX Info: Redefining \[ on input line 2953.
LaTeX Info: Redefining \] on input line 2954.
) (C:\Users\matej\AppData\Local\Programs\MiKTeX\tex/latex/mathtools\mathtools.sty
Package: mathtools 2022/06/29 v1.29 mathematical typesetting tools
 (C:\Users\matej\AppData\Local\Programs\MiKTeX\tex/latex/tools\calc.sty
Package: calc 2017/05/25 v4.3 Infix arithmetic (KKT,FJ)
\calc@Acount=\count271
\calc@Bcount=\count272
\calc@Adimen=\dimen152
\calc@Bdimen=\dimen153
\calc@Askip=\skip52
\calc@Bskip=\skip53
LaTeX Info: Redefining \setlength on input line 80.
LaTeX Info: Redefining \addtolength on input line 81.
\calc@Ccount=\count273
\calc@Cskip=\skip54
) (C:\Users\matej\AppData\Local\Programs\MiKTeX\tex/latex/mathtools\mhsetup.sty
Package: mhsetup 2021/03/18 v1.4 programming setup (MH)
)
\g_MT_multlinerow_int=\count274
\l_MT_multwidth_dim=\dimen154
\origjot=\skip55
\l_MT_shortvdotswithinadjustabove_dim=\dimen155
\l_MT_shortvdotswithinadjustbelow_dim=\dimen156
\l_MT_above_intertext_sep=\dimen157
\l_MT_below_intertext_sep=\dimen158
\l_MT_above_shortintertext_sep=\dimen159
\l_MT_below_shortintertext_sep=\dimen160
\xmathstrut@box=\box53
\xmathstrut@dim=\dimen161
) (C:\Users\matej\AppData\Local\Programs\MiKTeX\tex/latex/float\float.sty
Package: float 2001/11/08 v1.3d Float enhancements (AL)
\c@float@type=\count275
\float@exts=\toks23
\float@box=\box54
\@float@everytoks=\toks24
\@floatcapt=\box55
) (C:\Users\matej\AppData\Local\Programs\MiKTeX\tex/latex/listings\listings.sty
\lst@mode=\count276
\lst@gtempboxa=\box56
\lst@token=\toks25
\lst@length=\count277
\lst@currlwidth=\dimen162
\lst@column=\count278
\lst@pos=\count279
\lst@lostspace=\dimen163
\lst@width=\dimen164
\lst@newlines=\count280
\lst@lineno=\count281
\lst@maxwidth=\dimen165
 (C:\Users\matej\AppData\Local\Programs\MiKTeX\tex/latex/listings\lstmisc.sty
File: lstmisc.sty 2020/03/24 1.8d (Carsten Heinz)
\c@lstnumber=\count282
\lst@skipnumbers=\count283
\lst@framebox=\box57
) (C:\Users\matej\AppData\Local\Programs\MiKTeX\tex/latex/listings\listings.cfg
File: listings.cfg 2020/03/24 1.8d listings configuration
))
Package: listings 2020/03/24 1.8d (Carsten Heinz)
 (C:\Users\matej\AppData\Local\Programs\MiKTeX\tex/latex/subfigure\subfigure.sty
Package: subfigure 2002/07/30 v2.1.4 subfigure package
\subfigtopskip=\skip56
\subfigcapskip=\skip57
\subfigcaptopadj=\dimen166
\subfigbottomskip=\skip58
\subfigcapmargin=\dimen167
\subfiglabelskip=\skip59
\c@subfigure=\count284
\c@lofdepth=\count285
\c@subtable=\count286
\c@lotdepth=\count287

****************************************
* Local config file subfigure.cfg used *
****************************************
(C:\Users\matej\AppData\Local\Programs\MiKTeX\tex/latex/subfigure\subfigure.cfg)
\subfig@top=\skip60
\subfig@bottom=\skip61
) (C:\Users\matej\AppData\Local\Programs\MiKTeX\tex/latex/booktabs\booktabs.sty
Package: booktabs 2020/01/12 v1.61803398 Publication quality tables
\heavyrulewidth=\dimen168
\lightrulewidth=\dimen169
\cmidrulewidth=\dimen170
\belowrulesep=\dimen171
\belowbottomsep=\dimen172
\aboverulesep=\dimen173
\abovetopsep=\dimen174
\cmidrulesep=\dimen175
\cmidrulekern=\dimen176
\defaultaddspace=\dimen177
\@cmidla=\count288
\@cmidlb=\count289
\@aboverulesep=\dimen178
\@belowrulesep=\dimen179
\@thisruleclass=\count290
\@lastruleclass=\count291
\@thisrulewidth=\dimen180
) (C:\Users\matej\AppData\Local\Programs\MiKTeX\tex/latex/tools\bm.sty
Package: bm 2022/01/05 v1.2f Bold Symbol Support (DPC/FMi)
\symboldoperators=\mathgroup4
\symboldletters=\mathgroup5
\symboldsymbols=\mathgroup6
Package bm Info: No bold for \OMX/cmex/m/n, using \pmb.
LaTeX Font Info:    Redeclaring math alphabet \mathbf on input line 149.
) (C:\Users\matej\AppData\Local\Programs\MiKTeX\tex/latex/url\url.sty
\Urlmuskip=\muskip17
Package: url 2013/09/16  ver 3.4  Verb mode for urls, etc.
) (C:\Users\matej\AppData\Local\Programs\MiKTeX\tex/latex/appendix\appendix.sty
Package: appendix 2020/02/08 v1.2c extra appendix facilities
\c@@pps=\count292
\c@@ppsavesec=\count293
\c@@ppsaveapp=\count294
) (C:\Users\matej\AppData\Local\Programs\MiKTeX\tex/latex/ncctools\nccmath.sty
Package: nccmath 2006/01/20 v1.3 Additional Math Commands (NCC)
\NCC@fracrulewidth=\dimen181
) (C:\Users\matej\AppData\Local\Programs\MiKTeX\tex/latex/l3backend\l3backend-pdftex.def
File: l3backend-pdftex.def 2022-09-28 L3 backend support: PDF output (pdfTeX)
\l__color_backend_stack_int=\count295
\l__pdf_internal_box=\box58
) (report.aux)
\openout1 = `report.aux'.

LaTeX Font Info:    Checking defaults for OML/cmm/m/it on input line 18.
LaTeX Font Info:    ... okay on input line 18.
LaTeX Font Info:    Checking defaults for OMS/cmsy/m/n on input line 18.
LaTeX Font Info:    ... okay on input line 18.
LaTeX Font Info:    Checking defaults for OT1/cmr/m/n on input line 18.
LaTeX Font Info:    ... okay on input line 18.
LaTeX Font Info:    Checking defaults for T1/cmr/m/n on input line 18.
LaTeX Font Info:    ... okay on input line 18.
LaTeX Font Info:    Checking defaults for TS1/cmr/m/n on input line 18.
LaTeX Font Info:    ... okay on input line 18.
LaTeX Font Info:    Checking defaults for OMX/cmex/m/n on input line 18.
LaTeX Font Info:    ... okay on input line 18.
LaTeX Font Info:    Checking defaults for U/cmr/m/n on input line 18.
LaTeX Font Info:    ... okay on input line 18.
 (C:\Users\matej\AppData\Local\Programs\MiKTeX\tex/context/base/mkii\supp-pdf.mkii
[Loading MPS to PDF converter (version 2006.09.02).]
\scratchcounter=\count296
\scratchdimen=\dimen182
\scratchbox=\box59
\nofMPsegments=\count297
\nofMParguments=\count298
\everyMPshowfont=\toks26
\MPscratchCnt=\count299
\MPscratchDim=\dimen183
\MPnumerator=\count300
\makeMPintoPDFobject=\count301
\everyMPtoPDFconversion=\toks27
) (C:\Users\matej\AppData\Local\Programs\MiKTeX\tex/latex/epstopdf-pkg\epstopdf-base.sty
Package: epstopdf-base 2020-01-24 v2.11 Base part for package epstopdf
Package epstopdf-base Info: Redefining graphics rule for `.eps' on input line 485.
 (C:\Users\matej\AppData\Local\Programs\MiKTeX\tex/latex/00miktex\epstopdf-sys.cfg
File: epstopdf-sys.cfg 2021/03/18 v2.0 Configuration of epstopdf for MiKTeX
))
\c@lstlisting=\count302
 [1

{C:/Users/matej/AppData/Local/MiKTeX/fonts/map/pdftex/pdftex.map}] (report.toc)
\tf@toc=\write3
\openout3 = `report.toc'.

 (report.lof)
\tf@lof=\write4
\openout4 = `report.lof'.

 (report.lot [2])
\tf@lot=\write5
\openout5 = `report.lot'.

 [3] [4]
<Plots1/eda1.png, id=25, 741.52031pt x 400.49625pt>
File: Plots1/eda1.png Graphic file (type png)
<use Plots1/eda1.png>
Package pdftex.def Info: Plots1/eda1.png  used on input line 66.
(pdftex.def)             Requested size: 155.24895pt x 83.85002pt.
<Plots1/eda2.png, id=26, 741.52031pt x 400.49625pt>
File: Plots1/eda2.png Graphic file (type png)
<use Plots1/eda2.png>
Package pdftex.def Info: Plots1/eda2.png  used on input line 69.
(pdftex.def)             Requested size: 155.24895pt x 83.85002pt.
<Plots1/eda3.png, id=27, 741.52031pt x 400.49625pt>
File: Plots1/eda3.png Graphic file (type png)
<use Plots1/eda3.png>
Package pdftex.def Info: Plots1/eda3.png  used on input line 72.
(pdftex.def)             Requested size: 155.24895pt x 83.85002pt.
<Plots1/eda4.png, id=28, 741.52031pt x 400.49625pt>
File: Plots1/eda4.png Graphic file (type png)
<use Plots1/eda4.png>
Package pdftex.def Info: Plots1/eda4.png  used on input line 75.
(pdftex.def)             Requested size: 155.24895pt x 83.85002pt.
<Plots1/eda5.png, id=29, 741.52031pt x 400.49625pt>
File: Plots1/eda5.png Graphic file (type png)
<use Plots1/eda5.png>
Package pdftex.def Info: Plots1/eda5.png  used on input line 78.
(pdftex.def)             Requested size: 155.24895pt x 83.85002pt.
LaTeX Font Info:    Trying to load font information for OMS+cmr on input line 88.
 (C:\Users\matej\AppData\Local\Programs\MiKTeX\tex/latex/base\omscmr.fd
File: omscmr.fd 2019/12/16 v2.5j Standard LaTeX font definitions
)
LaTeX Font Info:    Font shape `OMS/cmr/m/n' in size <10> not available
(Font)              Font shape `OMS/cmsy/m/n' tried instead on input line 88.

Overfull \hbox (54.63977pt too wide) in paragraph at lines 87--97
 [][] 
 []

[5 <./Plots1/eda1.png> <./Plots1/eda2.png> <./Plots1/eda3.png> <./Plots1/eda4.png> <./Plots1/eda5.png>]
<Plots1/eda6.png, id=40, 825.0825pt x 400.49625pt>
File: Plots1/eda6.png Graphic file (type png)
<use Plots1/eda6.png>
Package pdftex.def Info: Plots1/eda6.png  used on input line 105.
(pdftex.def)             Requested size: 327.74895pt x 159.08955pt.
<Plots1/eda7.png, id=41, 915.42pt x 400.49625pt>
File: Plots1/eda7.png Graphic file (type png)
<use Plots1/eda7.png>
Package pdftex.def Info: Plots1/eda7.png  used on input line 116.
(pdftex.def)             Requested size: 276.00105pt x 120.74869pt.
 [6 <./Plots1/eda6.png>]
<Plots1/eda16.png, id=46, 557.08125pt x 400.49625pt>
File: Plots1/eda16.png Graphic file (type png)
<use Plots1/eda16.png>
Package pdftex.def Info: Plots1/eda16.png  used on input line 134.
(pdftex.def)             Requested size: 103.50105pt x 74.40842pt.

Underfull \hbox (badness 1253) in paragraph at lines 134--134
[]\OT1/cmr/m/n/8 (a) Log-a-rith-mic trans-for-ma-
 []

<Plots1/eda17.png, id=47, 557.08125pt x 400.49625pt>
File: Plots1/eda17.png Graphic file (type png)
<use Plots1/eda17.png>
Package pdftex.def Info: Plots1/eda17.png  used on input line 137.
(pdftex.def)             Requested size: 103.50105pt x 74.40842pt.

Underfull \hbox (badness 2181) in paragraph at lines 137--137
\OT1/cmr/m/n/8 ence trans-for-ma-tion of the
 []

<Plots1/eda18.png, id=48, 557.08125pt x 400.49625pt>
File: Plots1/eda18.png Graphic file (type png)
<use Plots1/eda18.png>
Package pdftex.def Info: Plots1/eda18.png  used on input line 140.
(pdftex.def)             Requested size: 103.50105pt x 74.40842pt.
[7 <./Plots1/eda7.png> <./Plots1/eda16.png> <./Plots1/eda17.png> <./Plots1/eda18.png>]
<Plots1/eda8.png, id=57, 557.08125pt x 400.49625pt>
File: Plots1/eda8.png Graphic file (type png)
<use Plots1/eda8.png>
Package pdftex.def Info: Plots1/eda8.png  used on input line 177.
(pdftex.def)             Requested size: 137.9979pt x 99.20715pt.
<Plots1/eda9.png, id=58, 557.08125pt x 400.49625pt>
File: Plots1/eda9.png Graphic file (type png)
<use Plots1/eda9.png>
Package pdftex.def Info: Plots1/eda9.png  used on input line 180.
(pdftex.def)             Requested size: 137.9979pt x 99.20715pt.
<Plots1/eda10.png, id=59, 557.08125pt x 400.49625pt>
File: Plots1/eda10.png Graphic file (type png)
<use Plots1/eda10.png>
Package pdftex.def Info: Plots1/eda10.png  used on input line 189.
(pdftex.def)             Requested size: 137.9979pt x 99.20715pt.
<Plots1/eda11.png, id=60, 557.08125pt x 400.49625pt>
File: Plots1/eda11.png Graphic file (type png)
<use Plots1/eda11.png>
Package pdftex.def Info: Plots1/eda11.png  used on input line 192.
(pdftex.def)             Requested size: 137.9979pt x 99.20715pt.
<Plots1/eda12.png, id=61, 557.08125pt x 400.49625pt>
File: Plots1/eda12.png Graphic file (type png)
<use Plots1/eda12.png>
Package pdftex.def Info: Plots1/eda12.png  used on input line 201.
(pdftex.def)             Requested size: 137.9979pt x 99.20715pt.
<Plots1/eda13.png, id=62, 557.08125pt x 400.49625pt>
File: Plots1/eda13.png Graphic file (type png)
<use Plots1/eda13.png>
Package pdftex.def Info: Plots1/eda13.png  used on input line 204.
(pdftex.def)             Requested size: 137.9979pt x 99.20715pt.
<Plots1/eda14.png, id=63, 557.08125pt x 400.49625pt>
File: Plots1/eda14.png Graphic file (type png)
<use Plots1/eda14.png>
Package pdftex.def Info: Plots1/eda14.png  used on input line 213.
(pdftex.def)             Requested size: 137.9979pt x 99.20715pt.
<Plots1/eda15.png, id=64, 557.08125pt x 400.49625pt>
File: Plots1/eda15.png Graphic file (type png)
<use Plots1/eda15.png>
Package pdftex.def Info: Plots1/eda15.png  used on input line 216.
(pdftex.def)             Requested size: 137.9979pt x 99.20715pt.
 [8 <./Plots1/eda8.png> <./Plots1/eda9.png>] [9 <./Plots1/eda10.png> <./Plots1/eda11.png> <./Plots1/eda12.png> <./Plots1/eda13.png> <./Plots1/eda14.png> <./Plots1/eda15.png>]
<Plots1/res_a.png, id=79, 538.26094pt x 325.215pt>
File: Plots1/res_a.png Graphic file (type png)
<use Plots1/res_a.png>
Package pdftex.def Info: Plots1/res_a.png  used on input line 288.
(pdftex.def)             Requested size: 327.74895pt x 198.02356pt.
 [10]
<Plots1/ra_2.png, id=83, 538.26094pt x 325.215pt>
File: Plots1/ra_2.png Graphic file (type png)
<use Plots1/ra_2.png>
Package pdftex.def Info: Plots1/ra_2.png  used on input line 301.
(pdftex.def)             Requested size: 327.74895pt x 198.02356pt.
 [11 <./Plots1/res_a.png>]
<Plots1/se1.png, id=88, 538.26094pt x 325.215pt>
File: Plots1/se1.png Graphic file (type png)
<use Plots1/se1.png>
Package pdftex.def Info: Plots1/se1.png  used on input line 352.
(pdftex.def)             Requested size: 155.24895pt x 93.7988pt.
<Plots1/se2.png, id=89, 538.26094pt x 325.215pt>
File: Plots1/se2.png Graphic file (type png)
<use Plots1/se2.png>
Package pdftex.def Info: Plots1/se2.png  used on input line 355.
(pdftex.def)             Requested size: 155.24895pt x 93.7988pt.
<Plots1/se3.png, id=90, 538.26094pt x 325.215pt>
File: Plots1/se3.png Graphic file (type png)
<use Plots1/se3.png>
Package pdftex.def Info: Plots1/se3.png  used on input line 358.
(pdftex.def)             Requested size: 155.24895pt x 93.7988pt.
<Plots1/se4.png, id=91, 538.26094pt x 325.215pt>
File: Plots1/se4.png Graphic file (type png)
<use Plots1/se4.png>
Package pdftex.def Info: Plots1/se4.png  used on input line 361.
(pdftex.def)             Requested size: 155.24895pt x 93.7988pt.
<Plots1/se5.png, id=92, 538.26094pt x 325.215pt>
File: Plots1/se5.png Graphic file (type png)
<use Plots1/se5.png>
Package pdftex.def Info: Plots1/se5.png  used on input line 364.
(pdftex.def)             Requested size: 155.24895pt x 93.7988pt.
 [12 <./Plots1/ra_2.png>] [13 <./Plots1/se1.png> <./Plots1/se2.png> <./Plots1/se3.png> <./Plots1/se4.png> <./Plots1/se5.png>]
<Plots2/plot1.png, id=107, 830.35219pt x 325.215pt>
File: Plots2/plot1.png Graphic file (type png)
<use Plots2/plot1.png>
Package pdftex.def Info: Plots2/plot1.png  used on input line 415.
(pdftex.def)             Requested size: 327.74895pt x 128.36671pt.
 [14 <./Plots2/plot1.png>]
<Plots2/acf1.png, id=114, 830.35219pt x 325.215pt>
File: Plots2/acf1.png Graphic file (type png)
<use Plots2/acf1.png>
Package pdftex.def Info: Plots2/acf1.png  used on input line 427.
(pdftex.def)             Requested size: 155.24895pt x 60.80397pt.
<Plots2/acf2.png, id=115, 830.35219pt x 325.215pt>
File: Plots2/acf2.png Graphic file (type png)
<use Plots2/acf2.png>
Package pdftex.def Info: Plots2/acf2.png  used on input line 430.
(pdftex.def)             Requested size: 155.24895pt x 60.80397pt.
<Plots2/acf3.png, id=116, 830.35219pt x 325.215pt>
File: Plots2/acf3.png Graphic file (type png)
<use Plots2/acf3.png>
Package pdftex.def Info: Plots2/acf3.png  used on input line 433.
(pdftex.def)             Requested size: 155.24895pt x 60.80397pt.
<Plots2/acf4.png, id=117, 830.35219pt x 325.215pt>
File: Plots2/acf4.png Graphic file (type png)
<use Plots2/acf4.png>
Package pdftex.def Info: Plots2/acf4.png  used on input line 436.
(pdftex.def)             Requested size: 155.24895pt x 60.80397pt.
<Plots2/acf5.png, id=118, 830.35219pt x 325.215pt>
File: Plots2/acf5.png Graphic file (type png)
<use Plots2/acf5.png>
Package pdftex.def Info: Plots2/acf5.png  used on input line 439.
(pdftex.def)             Requested size: 155.24895pt x 60.80397pt.
 [15 <./Plots2/acf1.png> <./Plots2/acf2.png> <./Plots2/acf3.png> <./Plots2/acf4.png> <./Plots2/acf5.png>]
Overfull \hbox (0.63869pt too wide) in paragraph at lines 482--483
[]\OT1/cmr/m/n/10 For es-ti-ma-tion of pa-ram-e-ters we have used the pack-ages [][]\OT1/cmtt/m/n/10 fGarch []\OT1/cmr/m/n/10 and [][]\OT1/cmtt/m/n/10 rugarch[]\OT1/cmr/m/n/10 . 
 []

<Plots2/d_3.png, id=127, 536.0025pt x 325.215pt>
File: Plots2/d_3.png Graphic file (type png)
<use Plots2/d_3.png>
Package pdftex.def Info: Plots2/d_3.png  used on input line 496.
(pdftex.def)             Requested size: 155.24895pt x 94.19579pt.
<Plots2/d_1.png, id=128, 536.0025pt x 325.215pt>
File: Plots2/d_1.png Graphic file (type png)
<use Plots2/d_1.png>
Package pdftex.def Info: Plots2/d_1.png  used on input line 500.
(pdftex.def)             Requested size: 155.24895pt x 94.19579pt.
<Plots2/d_2.png, id=129, 536.0025pt x 325.215pt>
File: Plots2/d_2.png Graphic file (type png)
<use Plots2/d_2.png>
Package pdftex.def Info: Plots2/d_2.png  used on input line 503.
(pdftex.def)             Requested size: 155.24895pt x 94.19579pt.
[16 <./Plots2/d_3.png> <./Plots2/d_1.png> <./Plots2/d_2.png>]
<Plots2/d_4.png, id=136, 536.0025pt x 325.215pt>
File: Plots2/d_4.png Graphic file (type png)
<use Plots2/d_4.png>
Package pdftex.def Info: Plots2/d_4.png  used on input line 513.
(pdftex.def)             Requested size: 155.24895pt x 94.19579pt.
<Plots2/d_5.png, id=137, 536.0025pt x 325.215pt>
File: Plots2/d_5.png Graphic file (type png)
<use Plots2/d_5.png>
Package pdftex.def Info: Plots2/d_5.png  used on input line 517.
(pdftex.def)             Requested size: 155.24895pt x 94.19579pt.
<Plots2/d_6.png, id=138, 536.0025pt x 325.215pt>
File: Plots2/d_6.png Graphic file (type png)
<use Plots2/d_6.png>
Package pdftex.def Info: Plots2/d_6.png  used on input line 520.
(pdftex.def)             Requested size: 155.24895pt x 94.19579pt.

Overfull \hbox (73.99844pt too wide) in paragraph at lines 528--538
 [][] 
 []

[17 <./Plots2/d_4.png> <./Plots2/d_5.png> <./Plots2/d_6.png>] [18]
Underfull \hbox (badness 2073) in paragraph at lines 646--649
[]\OT1/cmr/m/it/10 Qualar \OT1/cmr/m/n/10 [viewed 31. 05. 2023], can be found at $\OT1/cmtt/m/n/10 https : / / qualar .
 []


Underfull \hbox (badness 5175) in paragraph at lines 660--663
[]\OT1/cmr/m/it/10 Body Frame Size Mea-sur-ing Ta-bles \OT1/cmr/m/n/10 [viewed 28. 05. 2023], can
 []


Underfull \hbox (badness 2253) in paragraph at lines 666--669
[]\OT1/cmr/m/it/10 Blood Glu-cose (Sugar) Test \OT1/cmr/m/n/10 [viewed 28. 05. 2023], can be found
 []


Underfull \hbox (badness 10000) in paragraph at lines 666--669
\OT1/cmr/m/n/10 at $\OT1/cmtt/m/n/10 https : / / my . clevelandclinic . org / health / diagnostics /
 []

[19] [20] (report.aux) ) 
Here is how much of TeX's memory you used:
 5175 strings out of 475385
 82833 string characters out of 2776907
 441754 words of memory out of 3000000
 26448 multiletter control sequences out of 15000+600000
 481009 words of font info for 68 fonts, out of 8000000 for 9000
 1141 hyphenation exceptions out of 8191
 55i,10n,62p,838b,303s stack positions out of 10000i,1000n,20000p,200000b,80000s
 <C:\Users\matej\AppData\Local\MiKTeX\fonts/pk/ljfour/jknappen/ec/dpi600\tcrm1000.pk><C:/Users/matej/AppData/Local/Programs/MiKTeX/fonts/type1/public/amsfonts/cm/cmbx10.pfb><C:/Users/matej/AppData/Local/Programs/MiKTeX/fonts/type1/public/amsfonts/cm/cmbx12.pfb><C:/Users/matej/AppData/Local/Programs/MiKTeX/fonts/type1/public/amsfonts/cm/cmbx9.pfb><C:/Users/matej/AppData/Local/Programs/MiKTeX/fonts/type1/public/amsfonts/cm/cmex10.pfb><C:/Users/matej/AppData/Local/Programs/MiKTeX/fonts/type1/public/amsfonts/cm/cmmi10.pfb><C:/Users/matej/AppData/Local/Programs/MiKTeX/fonts/type1/public/amsfonts/cm/cmmi7.pfb><C:/Users/matej/AppData/Local/Programs/MiKTeX/fonts/type1/public/amsfonts/cm/cmr10.pfb><C:/Users/matej/AppData/Local/Programs/MiKTeX/fonts/type1/public/amsfonts/cm/cmr12.pfb><C:/Users/matej/AppData/Local/Programs/MiKTeX/fonts/type1/public/amsfonts/cm/cmr17.pfb><C:/Users/matej/AppData/Local/Programs/MiKTeX/fonts/type1/public/amsfonts/cm/cmr7.pfb><C:/Users/matej/AppData/Local/Programs/MiKTeX/fonts/type1/public/amsfonts/cm/cmr8.pfb><C:/Users/matej/AppData/Local/Programs/MiKTeX/fonts/type1/public/amsfonts/cm/cmr9.pfb><C:/Users/matej/AppData/Local/Programs/MiKTeX/fonts/type1/public/amsfonts/cm/cmsy10.pfb><C:/Users/matej/AppData/Local/Programs/MiKTeX/fonts/type1/public/amsfonts/cm/cmsy7.pfb><C:/Users/matej/AppData/Local/Programs/MiKTeX/fonts/type1/public/amsfonts/cm/cmti10.pfb><C:/Users/matej/AppData/Local/Programs/MiKTeX/fonts/type1/public/amsfonts/cm/cmtt10.pfb>
Output written on report.pdf (20 pages, 555402 bytes).
PDF statistics:
 226 PDF objects out of 1000 (max. 8388607)
 0 named destinations out of 1000 (max. 500000)
 186 words of extra memory for PDF output out of 10000 (max. 10000000)

